[Wed Sep 20 12:32:17.992057 2023] [ssl:warn] [pid 22364:tid 356] AH01909: www.example.com:443:0 server certificate does NOT include an ID which matches the server name
[Wed Sep 20 12:32:18.026964 2023] [ssl:warn] [pid 22364:tid 356] AH01909: www.example.com:443:0 server certificate does NOT include an ID which matches the server name
[Wed Sep 20 12:32:18.057881 2023] [mpm_winnt:notice] [pid 22364:tid 356] AH00455: Apache/2.4.56 (Win64) OpenSSL/1.1.1t PHP/8.2.4 configured -- resuming normal operations
[Wed Sep 20 12:32:18.057881 2023] [mpm_winnt:notice] [pid 22364:tid 356] AH00456: Apache Lounge VS16 Server built: Mar  7 2023 13:21:03
[Wed Sep 20 12:32:18.057881 2023] [core:notice] [pid 22364:tid 356] AH00094: Command line: 'c:\\users\\janne.sillanpaa\\documents\\xampp\\apache\\bin\\httpd.exe -d C:/Users/janne.sillanpaa/Documents/XAMPP/apache'
[Wed Sep 20 12:32:18.063866 2023] [mpm_winnt:notice] [pid 22364:tid 356] AH00418: Parent: Created child process 11288
[Wed Sep 20 12:32:18.363065 2023] [ssl:warn] [pid 11288:tid 360] AH01909: www.example.com:443:0 server certificate does NOT include an ID which matches the server name
[Wed Sep 20 12:32:18.389993 2023] [ssl:warn] [pid 11288:tid 360] AH01909: www.example.com:443:0 server certificate does NOT include an ID which matches the server name
[Wed Sep 20 12:32:18.415923 2023] [mpm_winnt:notice] [pid 11288:tid 360] AH00354: Child: Starting 150 worker threads.
[Wed Sep 20 13:56:18.977446 2023] [php:error] [pid 11288:tid 1872] [client 127.0.0.1:62593] PHP Parse error:  syntax error, unexpected integer "5", expecting variable or "{" or "$" in C:\\Users\\janne.sillanpaa\\Documents\\XAMPP\\htdocs\\index.php on line 12
[Wed Sep 20 14:02:41.485597 2023] [core:error] [pid 11288:tid 1920] [client 127.0.0.1:62669] AH00124: Request exceeded the limit of 10 internal redirects due to probable configuration error. Use 'LimitInternalRecursion' to increase the limit if necessary. Use 'LogLevel debug' to get a backtrace.
[Wed Sep 20 14:03:15.304820 2023] [core:error] [pid 11288:tid 1892] [client ::1:62707] AH00124: Request exceeded the limit of 10 internal redirects due to probable configuration error. Use 'LimitInternalRecursion' to increase the limit if necessary. Use 'LogLevel debug' to get a backtrace.
[Wed Sep 20 14:04:21.242371 2023] [core:error] [pid 11288:tid 1920] [client ::1:62729] AH00124: Request exceeded the limit of 10 internal redirects due to probable configuration error. Use 'LimitInternalRecursion' to increase the limit if necessary. Use 'LogLevel debug' to get a backtrace.
[Wed Sep 20 14:23:49.590406 2023] [php:error] [pid 11288:tid 1872] [client ::1:61911] PHP Parse error:  syntax error, unexpected token "," in C:\\Users\\janne.sillanpaa\\Documents\\XAMPP\\htdocs\\index.php on line 19
[Wed Sep 20 14:30:06.668700 2023] [core:error] [pid 11288:tid 1872] [client ::1:61972] AH00124: Request exceeded the limit of 10 internal redirects due to probable configuration error. Use 'LimitInternalRecursion' to increase the limit if necessary. Use 'LogLevel debug' to get a backtrace.
[Wed Sep 20 14:30:37.785478 2023] [core:error] [pid 11288:tid 1920] [client ::1:61973] AH00124: Request exceeded the limit of 10 internal redirects due to probable configuration error. Use 'LimitInternalRecursion' to increase the limit if necessary. Use 'LogLevel debug' to get a backtrace.
[Wed Sep 20 14:36:49.021790 2023] [php:error] [pid 11288:tid 1872] [client ::1:62082] PHP Parse error:  syntax error, unexpected identifier "i", expecting ";" in C:\\Users\\janne.sillanpaa\\Documents\\XAMPP\\htdocs\\api\\index.php on line 13
[Wed Sep 20 14:37:08.158724 2023] [php:error] [pid 11288:tid 1920] [client ::1:62083] PHP Parse error:  syntax error, unexpected variable "$i", expecting ";" in C:\\Users\\janne.sillanpaa\\Documents\\XAMPP\\htdocs\\api\\index.php on line 13
[Wed Sep 20 14:37:08.780716 2023] [php:error] [pid 11288:tid 1920] [client ::1:62083] PHP Parse error:  syntax error, unexpected variable "$i", expecting ";" in C:\\Users\\janne.sillanpaa\\Documents\\XAMPP\\htdocs\\api\\index.php on line 13
[Wed Sep 20 14:37:09.116769 2023] [php:error] [pid 11288:tid 1920] [client ::1:62083] PHP Parse error:  syntax error, unexpected variable "$i", expecting ";" in C:\\Users\\janne.sillanpaa\\Documents\\XAMPP\\htdocs\\api\\index.php on line 13
[Wed Sep 20 14:37:43.470841 2023] [php:error] [pid 11288:tid 1872] [client ::1:62092] PHP Parse error:  syntax error, unexpected variable "$i", expecting ";" in C:\\Users\\janne.sillanpaa\\Documents\\XAMPP\\htdocs\\api\\index.php on line 13
[Wed Sep 20 14:37:43.964731 2023] [php:error] [pid 11288:tid 1872] [client ::1:62092] PHP Parse error:  syntax error, unexpected variable "$i", expecting ";" in C:\\Users\\janne.sillanpaa\\Documents\\XAMPP\\htdocs\\api\\index.php on line 13
[Wed Sep 20 14:37:44.132649 2023] [php:error] [pid 11288:tid 1872] [client ::1:62092] PHP Parse error:  syntax error, unexpected variable "$i", expecting ";" in C:\\Users\\janne.sillanpaa\\Documents\\XAMPP\\htdocs\\api\\index.php on line 13
[Wed Sep 20 14:37:44.292690 2023] [php:error] [pid 11288:tid 1872] [client ::1:62092] PHP Parse error:  syntax error, unexpected variable "$i", expecting ";" in C:\\Users\\janne.sillanpaa\\Documents\\XAMPP\\htdocs\\api\\index.php on line 13
[Wed Sep 20 14:37:56.668487 2023] [php:error] [pid 11288:tid 1920] [client ::1:62097] PHP Parse error:  syntax error, unexpected variable "$i", expecting ";" in C:\\Users\\janne.sillanpaa\\Documents\\XAMPP\\htdocs\\api\\index.php on line 13
[Wed Sep 20 14:37:57.204398 2023] [php:error] [pid 11288:tid 1920] [client ::1:62097] PHP Parse error:  syntax error, unexpected variable "$i", expecting ";" in C:\\Users\\janne.sillanpaa\\Documents\\XAMPP\\htdocs\\api\\index.php on line 13
[Wed Sep 20 14:37:57.381338 2023] [php:error] [pid 11288:tid 1920] [client ::1:62097] PHP Parse error:  syntax error, unexpected variable "$i", expecting ";" in C:\\Users\\janne.sillanpaa\\Documents\\XAMPP\\htdocs\\api\\index.php on line 13
[Wed Sep 20 14:37:57.556824 2023] [php:error] [pid 11288:tid 1920] [client ::1:62097] PHP Parse error:  syntax error, unexpected variable "$i", expecting ";" in C:\\Users\\janne.sillanpaa\\Documents\\XAMPP\\htdocs\\api\\index.php on line 13
[Wed Sep 20 14:38:26.205752 2023] [php:error] [pid 11288:tid 1872] [client ::1:62099] PHP Parse error:  syntax error, unexpected token "<" in C:\\Users\\janne.sillanpaa\\Documents\\XAMPP\\htdocs\\api\\index.php on line 14
[Wed Sep 20 14:38:26.748590 2023] [php:error] [pid 11288:tid 1872] [client ::1:62099] PHP Parse error:  syntax error, unexpected token "<" in C:\\Users\\janne.sillanpaa\\Documents\\XAMPP\\htdocs\\api\\index.php on line 14
[Wed Sep 20 14:53:58.980455 2023] [php:warn] [pid 11288:tid 1892] [client 127.0.0.1:62427] PHP Warning:  Undefined array key "name" in C:\\Users\\janne.sillanpaa\\Documents\\XAMPP\\htdocs\\api\\index.php on line 27
[Wed Sep 20 14:57:48.152587 2023] [php:warn] [pid 11288:tid 1884] [client 127.0.0.1:62490] PHP Warning:  Trying to access array offset on value of type null in C:\\Users\\janne.sillanpaa\\Documents\\XAMPP\\htdocs\\api\\index.php on line 27
[Wed Sep 20 15:37:00.218712 2023] [php:warn] [pid 11288:tid 1892] [client 127.0.0.1:62343] PHP Warning:  Trying to access array offset on value of type null in C:\\Users\\janne.sillanpaa\\Documents\\XAMPP\\htdocs\\api\\index.php on line 27
